{"level":40,"time":1765581978683,"time":"2025-12-12T23:26:18.684Z","msg":"No i18n instance found for locale \"pseudo-LOCALEsign-in.well-known\""}
{"level":40,"time":1765581978685,"time":"2025-12-12T23:26:18.685Z","msg":"No i18n instance found for locale \"pseudo-LOCALEsign-in.well-known\""}
{"level":40,"time":1765581978759,"time":"2025-12-12T23:26:18.759Z","msg":"No i18n instance found for locale \"pseudo-LOCALEsign-in.well-known\""}
{"level":40,"time":1765581992981,"time":"2025-12-12T23:26:32.981Z","msg":"No i18n instance found for locale \"pseudo-LOCALEsign-in.well-knownpseudo-LOCALE\""}
{"level":40,"time":1765581992993,"time":"2025-12-12T23:26:32.993Z","msg":"No i18n instance found for locale \"pseudo-LOCALEsign-in.well-knownpseudo-LOCALE\""}
{"level":40,"time":1765581992993,"time":"2025-12-12T23:26:32.993Z","msg":"No i18n instance found for locale \"pseudo-LOCALEsign-in.well-knownpseudo-LOCALE\""}
{"level":40,"time":1765581992993,"time":"2025-12-12T23:26:32.993Z","msg":"No i18n instance found for locale \"pseudo-LOCALEsign-in.well-knownpseudo-LOCALE\""}
{"level":40,"time":1765581993021,"time":"2025-12-12T23:26:33.021Z","msg":"No i18n instance found for locale \"pseudo-LOCALEsign-in.well-knownpseudo-LOCALE\""}
{"level":40,"time":1765581993021,"time":"2025-12-12T23:26:33.021Z","msg":"No i18n instance found for locale \"pseudo-LOCALEsign-in.well-knownpseudo-LOCALE\""}
{"level":40,"time":1765581993121,"time":"2025-12-12T23:26:33.121Z","msg":"No i18n instance found for locale \"pseudo-LOCALEsign-in.well-knownpseudo-LOCALE.well-known\""}
{"level":40,"time":1765581993122,"time":"2025-12-12T23:26:33.122Z","msg":"No i18n instance found for locale \"pseudo-LOCALEsign-in.well-knownpseudo-LOCALE.well-known\""}
{"level":40,"time":1765581993126,"time":"2025-12-12T23:26:33.126Z","msg":"No i18n instance found for locale \"pseudo-LOCALEsign-in.well-knownpseudo-LOCALE.well-known\""}
{"level":40,"time":1765581999464,"time":"2025-12-12T23:26:39.464Z","msg":"No i18n instance found for locale \"pseudo-LOCALEsign-in.well-knownpseudo-LOCALE.well-knowntest.well-known\""}
{"level":40,"time":1765581999464,"time":"2025-12-12T23:26:39.464Z","msg":"No i18n instance found for locale \"pseudo-LOCALEsign-in.well-knownpseudo-LOCALE.well-knowntest.well-known\""}
{"level":40,"time":1765581999468,"time":"2025-12-12T23:26:39.468Z","msg":"No i18n instance found for locale \"pseudo-LOCALEsign-in.well-knownpseudo-LOCALE.well-knowntest.well-known\""}
{"level":40,"time":1765582417414,"time":"2025-12-12T23:33:37.414Z","msg":"No i18n instance found for locale \"pseudo-LOCALEsign-in.well-knownpseudo-LOCALE.well-knowntest.well-knownsign-in.well-known\""}
{"level":40,"time":1765582417415,"time":"2025-12-12T23:33:37.415Z","msg":"No i18n instance found for locale \"pseudo-LOCALEsign-in.well-knownpseudo-LOCALE.well-knowntest.well-knownsign-in.well-known\""}
{"level":40,"time":1765582417480,"time":"2025-12-12T23:33:37.480Z","msg":"No i18n instance found for locale \"pseudo-LOCALEsign-in.well-knownpseudo-LOCALE.well-knowntest.well-knownsign-in.well-known\""}
{"level":40,"time":1765582557039,"time":"2025-12-12T23:35:57.039Z","msg":"No i18n instance found for locale \"pseudo-LOCALEsign-in.well-knownpseudo-LOCALE.well-knowntest.well-knownsign-in.well-known\""}
{"level":40,"time":1765582557039,"time":"2025-12-12T23:35:57.039Z","msg":"No i18n instance found for locale \"pseudo-LOCALEsign-in.well-knownpseudo-LOCALE.well-knowntest.well-knownsign-in.well-known\""}
{"level":40,"time":1765582557111,"time":"2025-12-12T23:35:57.111Z","msg":"No i18n instance found for locale \"pseudo-LOCALEsign-in.well-knownpseudo-LOCALE.well-knowntest.well-knownsign-in.well-known\""}
{"level":40,"time":1765582557293,"time":"2025-12-12T23:35:57.293Z","msg":"No i18n instance found for locale \"pseudo-LOCALEsign-in.well-knownpseudo-LOCALE.well-knowntest.well-knownsign-in.well-known\""}
{"level":40,"time":1765582557293,"time":"2025-12-12T23:35:57.293Z","msg":"No i18n instance found for locale \"pseudo-LOCALEsign-in.well-knownpseudo-LOCALE.well-knowntest.well-knownsign-in.well-known\""}
{"level":40,"time":1765582557301,"time":"2025-12-12T23:35:57.301Z","msg":"No i18n instance found for locale \"pseudo-LOCALEsign-in.well-knownpseudo-LOCALE.well-knowntest.well-knownsign-in.well-known\""}
{"level":40,"time":1765582568552,"time":"2025-12-12T23:36:08.552Z","msg":"No i18n instance found for locale \"pseudo-LOCALEsign-in.well-knownpseudo-LOCALE.well-knowntest.well-knownsign-in.well-known\""}
{"level":40,"time":1765582568553,"time":"2025-12-12T23:36:08.553Z","msg":"No i18n instance found for locale \"pseudo-LOCALEsign-in.well-knownpseudo-LOCALE.well-knowntest.well-knownsign-in.well-known\""}
{"level":40,"time":1765582568558,"time":"2025-12-12T23:36:08.558Z","msg":"No i18n instance found for locale \"pseudo-LOCALEsign-in.well-knownpseudo-LOCALE.well-knowntest.well-knownsign-in.well-known\""}
{"level":40,"time":1765582568610,"time":"2025-12-12T23:36:08.610Z","msg":"No i18n instance found for locale \"pseudo-LOCALEsign-in.well-knownpseudo-LOCALE.well-knowntest.well-knownsign-in.well-known\""}
{"level":40,"time":1765582568610,"time":"2025-12-12T23:36:08.610Z","msg":"No i18n instance found for locale \"pseudo-LOCALEsign-in.well-knownpseudo-LOCALE.well-knowntest.well-knownsign-in.well-known\""}
{"level":40,"time":1765582568614,"time":"2025-12-12T23:36:08.614Z","msg":"No i18n instance found for locale \"pseudo-LOCALEsign-in.well-knownpseudo-LOCALE.well-knowntest.well-knownsign-in.well-known\""}
{"level":40,"time":1765582726142,"time":"2025-12-12T23:38:46.142Z","msg":"No i18n instance found for locale \"pseudo-LOCALEsign-in.well-knownpseudo-LOCALE.well-knowntest.well-knownsign-in.well-knownpseudo-LOCALE\""}
{"level":40,"time":1765582726142,"time":"2025-12-12T23:38:46.142Z","msg":"No i18n instance found for locale \"pseudo-LOCALEsign-in.well-knownpseudo-LOCALE.well-knowntest.well-knownsign-in.well-knownpseudo-LOCALE\""}
{"level":40,"time":1765582726145,"time":"2025-12-12T23:38:46.145Z","msg":"No i18n instance found for locale \"pseudo-LOCALEsign-in.well-knownpseudo-LOCALE.well-knowntest.well-knownsign-in.well-knownpseudo-LOCALE\""}
{"level":40,"time":1765582726146,"time":"2025-12-12T23:38:46.146Z","msg":"No i18n instance found for locale \"pseudo-LOCALEsign-in.well-knownpseudo-LOCALE.well-knowntest.well-knownsign-in.well-knownpseudo-LOCALE\""}
{"level":40,"time":1765582726146,"time":"2025-12-12T23:38:46.146Z","msg":"No i18n instance found for locale \"pseudo-LOCALEsign-in.well-knownpseudo-LOCALE.well-knowntest.well-knownsign-in.well-knownpseudo-LOCALE\""}
{"level":40,"time":1765582726352,"time":"2025-12-12T23:38:46.352Z","msg":"No i18n instance found for locale \".well-known\""}
{"level":40,"time":1765582726353,"time":"2025-12-12T23:38:46.353Z","msg":"No i18n instance found for locale \".well-known\""}
{"level":40,"time":1765582726365,"time":"2025-12-12T23:38:46.365Z","msg":"No i18n instance found for locale \".well-known\""}
{"level":40,"time":1765583447197,"time":"2025-12-12T23:50:47.197Z","msg":"No i18n instance found for locale \".well-known\""}
{"level":40,"time":1765583447198,"time":"2025-12-12T23:50:47.198Z","msg":"No i18n instance found for locale \".well-known\""}
{"level":40,"time":1765583447218,"time":"2025-12-12T23:50:47.218Z","msg":"No i18n instance found for locale \".well-known\""}
